04/11 19:10:30 - INFO - #####################################################################################################################################################################################################################################################################
04/11 19:10:30 - INFO - Optimal Flow - autoCV - Auto Model Selection w/ Cross Validation :: 2023.11.04.19.10.30
04/11 19:10:30 - INFO - #####################################################################################################################################################################################################################################################################
04/11 19:10:30 - INFO - Copyright All Reserved by Tony Dong | e-mail: tonyleidong@gmail.com 
04/11 19:10:30 - INFO - Official Documentation: https://optimal-flow.readthedocs.io
04/11 19:10:30 - INFO - ------------------------------------------------------------
04/11 19:10:30 - INFO - All previous logfiles will be deleted, when DELETE_FLAG is set to True.
04/11 19:10:30 - INFO - ---------------------------------------------------------------------------------------------------------------------------------------------------------------------------------------------------------------------------------------------------------------------
04/11 19:12:32 - INFO - ---------------------------------------------------------------------------------------------------------------------------------------------------------------------------------------------------------------------------------------------------------------------
04/11 19:12:32 - INFO - Current Running:lgr estimator
04/11 19:12:33 - INFO - This estimator executed 0.0104 minutes
04/11 19:12:33 - INFO - ---------------------------------------------------------------------------------------------------------------------------------------------------------------------------------------------------------------------------------------------------------------------
04/11 19:12:33 - INFO - Current Running:svm estimator
04/11 19:12:33 - INFO - This estimator executed 0.0062 minutes
04/11 19:12:33 - INFO - ---------------------------------------------------------------------------------------------------------------------------------------------------------------------------------------------------------------------------------------------------------------------
04/11 19:12:33 - INFO - Current Running:mlp estimator
04/11 19:12:36 - INFO - This estimator executed 0.0378 minutes
04/11 19:12:36 - INFO - ---------------------------------------------------------------------------------------------------------------------------------------------------------------------------------------------------------------------------------------------------------------------
04/11 19:12:36 - INFO - Current Running:rf estimator
04/11 19:12:36 - INFO - This estimator executed 0.0062 minutes
04/11 19:12:36 - INFO - ---------------------------------------------------------------------------------------------------------------------------------------------------------------------------------------------------------------------------------------------------------------------
04/11 19:12:36 - INFO - Current Running:ada estimator
04/11 19:12:36 - INFO - This estimator executed 0.0058 minutes
04/11 19:12:36 - INFO - ---------------------------------------------------------------------------------------------------------------------------------------------------------------------------------------------------------------------------------------------------------------------
04/11 19:12:36 - INFO - Current Running:gb estimator
04/11 19:12:39 - INFO - This estimator executed 0.0507 minutes
04/11 19:12:39 - INFO - ---------------------------------------------------------------------------------------------------------------------------------------------------------------------------------------------------------------------------------------------------------------------
04/11 19:12:39 - INFO - Current Running:xgb estimator
04/11 19:12:43 - INFO - This estimator executed 0.0562 minutes
